<?xml version="1.0" encoding="UTF-8"?>
<!-- Generated by org.testng.reporters.JUnitReportReporter -->
<testsuite hostname="LAPTOP-6NCPNGQE" failures="0" tests="6" name="com.testing.Test_Scenario_4" time="33.473" errors="0" timestamp="2022-12-03T22:47:21 EST" skipped="0">
  <testcase classname="com.testing.Test_Scenario_4" name="TC001" time="0.013"/>
  <system-out/>
  <testcase classname="com.testing.Test_Scenario_4" name="TC002" time="7.693"/>
  <system-out/>
  <testcase classname="com.testing.Test_Scenario_4" name="TC003" time="5.409"/>
  <system-out/>
  <testcase classname="com.testing.Test_Scenario_4" name="TC004" time="4.771"/>
  <system-out/>
  <testcase classname="com.testing.Test_Scenario_4" name="TC005" time="9.693"/>
  <system-out/>
  <testcase classname="com.testing.Test_Scenario_4" name="TC006" time="5.894"/>
  <system-out/>
</testsuite> <!-- com.testing.Test_Scenario_4 -->
