<?xml version="1.0" encoding="UTF-8"?>
<!-- Generated by org.testng.reporters.JUnitReportReporter -->
<testsuite hostname="LAPTOP-6NCPNGQE" failures="0" tests="9" name="com.testing.Test_Scenario_1" time="24.978" errors="0" timestamp="2022-12-03T22:54:45 EST" skipped="0">
  <testcase classname="com.testing.Test_Scenario_1" name="TC001" time="0.021"/>
  <system-out/>
  <testcase classname="com.testing.Test_Scenario_1" name="TC002" time="0.002"/>
  <system-out/>
  <testcase classname="com.testing.Test_Scenario_1" name="TC003" time="1.210"/>
  <system-out/>
  <testcase classname="com.testing.Test_Scenario_1" name="TC004" time="2.485"/>
  <system-out/>
  <testcase classname="com.testing.Test_Scenario_1" name="TC005" time="2.259"/>
  <system-out/>
  <testcase classname="com.testing.Test_Scenario_1" name="TC006" time="2.422"/>
  <system-out/>
  <testcase classname="com.testing.Test_Scenario_1" name="TC007" time="5.266"/>
  <system-out/>
  <testcase classname="com.testing.Test_Scenario_1" name="TC008" time="6.375"/>
  <system-out/>
  <testcase classname="com.testing.Test_Scenario_1" name="TC009" time="4.938"/>
  <system-out/>
</testsuite> <!-- com.testing.Test_Scenario_1 -->
