<?xml version="1.0" encoding="UTF-8"?>
<!-- Generated by org.testng.reporters.JUnitReportReporter -->
<testsuite hostname="LAPTOP-6NCPNGQE" failures="0" tests="6" name="com.testing.Test_Scenario_2" time="24.053" errors="0" timestamp="2022-12-03T22:49:46 EST" skipped="0">
  <testcase classname="com.testing.Test_Scenario_2" name="TC001" time="0.018"/>
  <system-out/>
  <testcase classname="com.testing.Test_Scenario_2" name="TC002" time="9.164"/>
  <system-out/>
  <testcase classname="com.testing.Test_Scenario_2" name="TC003" time="5.646"/>
  <system-out/>
  <testcase classname="com.testing.Test_Scenario_2" name="TC004" time="2.080"/>
  <system-out/>
  <testcase classname="com.testing.Test_Scenario_2" name="TC005" time="2.061"/>
  <system-out/>
  <testcase classname="com.testing.Test_Scenario_2" name="TC006" time="5.084"/>
  <system-out/>
</testsuite> <!-- com.testing.Test_Scenario_2 -->
