<?xml version="1.0" encoding="UTF-8"?>
<!-- Generated by org.testng.reporters.JUnitReportReporter -->
<testsuite hostname="LAPTOP-6NCPNGQE" failures="0" tests="8" name="com.testing.Test_Scenario_3" time="48.944" errors="0" timestamp="2022-12-03T22:48:38 EST" skipped="0">
  <testcase classname="com.testing.Test_Scenario_3" name="TC001" time="0.027"/>
  <system-out/>
  <testcase classname="com.testing.Test_Scenario_3" name="TC002" time="9.244"/>
  <system-out/>
  <testcase classname="com.testing.Test_Scenario_3" name="TC003" time="5.902"/>
  <system-out/>
  <testcase classname="com.testing.Test_Scenario_3" name="TC004" time="6.572"/>
  <system-out/>
  <testcase classname="com.testing.Test_Scenario_3" name="TC005" time="2.102"/>
  <system-out/>
  <testcase classname="com.testing.Test_Scenario_3" name="TC006" time="4.287"/>
  <system-out/>
  <testcase classname="com.testing.Test_Scenario_3" name="TC007" time="15.869"/>
  <system-out/>
  <testcase classname="com.testing.Test_Scenario_3" name="TC008" time="4.941"/>
  <system-out/>
</testsuite> <!-- com.testing.Test_Scenario_3 -->
